<?xml version="1.0" encoding="UTF-8"?>
<dataset>
    <ECOMMERCE.CUSTOMERS ID="1"/>
</dataset>